#
# A fatal error has been detected by the Java Runtime Environment:
#
#  EXCEPTION_ACCESS_VIOLATION (0xc0000005) at pc=0x61025bfb, pid=6016, tid=8940
#
# JRE version: Java(TM) SE Runtime Environment (8.0_31-b13) (build 1.8.0_31-b13)
# Java VM: Java HotSpot(TM) Client VM (25.31-b07 mixed mode windows-x86 )
# Problematic frame:
# C  [dsj.dll+0x25bfb]
#
# Failed to write core dump. Minidumps are not enabled by default on client versions of Windows
#
# If you would like to submit a bug report, please visit:
#   http://bugreport.java.com/bugreport/crash.jsp
# The crash happened outside the Java Virtual Machine in native code.
# See problematic frame for where to report the bug.
#

---------------  T H R E A D  ---------------

Current thread (0x15a48c00):  JavaThread "AWT-EventQueue-0" [_thread_in_native, id=8940, stack(0x1a4d0000,0x1a520000)]

siginfo: ExceptionCode=0xc0000005, reading address 0x00000000

Registers:
EAX=0x00000000, EBX=0x00000000, ECX=0x161430f8, EDX=0x00670174
ESP=0x1a51e42c, EBP=0x00000001, ESI=0x187f2fe8, EDI=0x1a51e750
EIP=0x61025bfb, EFLAGS=0x00010202

Top of Stack: (sp=0x1a51e42c)
0x1a51e42c:   22b92db8 187f1118 15a48d38 187f2fe8
0x1a51e43c:   187f10f0 1a51e750 00000000 187f10f0
0x1a51e44c:   160ddf84 02724114 00000000 04d0a030
0x1a51e45c:   00000000 187f1118 00000000 1a51e468
0x1a51e46c:   ffffffff 7fffffff 1a51e4cc 1a51e48c
0x1a51e47c:   547f64a8 547fdf18 1a51e514 1a51e4cc
0x1a51e48c:   1a51e4f4 1a51e4e4 547b0414 14a432b0
0x1a51e49c:   1a51e514 1a51e4f4 547b0842 610c025d 

Instructions: (pc=0x61025bfb)
0x61025bdb:   24 4c 52 53 53 68 d0 de 0b 61 50 8b 41 20 ff d0
0x61025beb:   85 c0 0f 9d c0 88 86 bc 00 00 00 3a c3 8b 46 14
0x61025bfb:   8b 08 50 74 05 8b 51 1c eb 0e 8b 51 20 eb 09 8b
0x61025c0b:   46 14 8b 08 8b 51 24 50 ff d2 6a 01 8b ce e8 f2 


Register to memory mapping:

EAX=0x00000000 is an unknown value
EBX=0x00000000 is an unknown value
ECX=0x161430f8 is an unknown value
EDX=0x00670174 is an unknown value
ESP=0x1a51e42c is pointing into the stack for thread: 0x15a48c00
EBP=0x00000001 is an unknown value
ESI=0x187f2fe8 is an unknown value
EDI=0x1a51e750 is pointing into the stack for thread: 0x15a48c00


Stack: [0x1a4d0000,0x1a520000],  sp=0x1a51e42c,  free space=313k
Native frames: (J=compiled Java code, j=interpreted, Vv=VM code, C=native code)
C  [dsj.dll+0x25bfb]

Java frames: (J=compiled Java code, j=interpreted, Vv=VM code)
j  de.humatic.dsj.DSCapture.setCapFile(JILjava/lang/String;Lde/humatic/dsj/DSFilterInfo;Lde/humatic/dsj/DSFilterInfo;Z)I+0
j  de.humatic.dsj.DSCapture.setCaptureFile(Ljava/lang/String;Lde/humatic/dsj/DSFilterInfo;Lde/humatic/dsj/DSFilterInfo;Z)V+234
j  classes.SimpleCapture$1.actionPerformed(Ljava/awt/event/ActionEvent;)V+29
j  javax.swing.AbstractButton.fireActionPerformed(Ljava/awt/event/ActionEvent;)V+83
j  javax.swing.AbstractButton$Handler.actionPerformed(Ljava/awt/event/ActionEvent;)V+5
j  javax.swing.DefaultButtonModel.fireActionPerformed(Ljava/awt/event/ActionEvent;)V+34
j  javax.swing.DefaultButtonModel.setPressed(Z)V+117
j  javax.swing.plaf.basic.BasicButtonListener.mouseReleased(Ljava/awt/event/MouseEvent;)V+35
j  java.awt.Component.processMouseEvent(Ljava/awt/event/MouseEvent;)V+64
j  javax.swing.JComponent.processMouseEvent(Ljava/awt/event/MouseEvent;)V+23
j  java.awt.Component.processEvent(Ljava/awt/AWTEvent;)V+81
j  java.awt.Container.processEvent(Ljava/awt/AWTEvent;)V+18
j  java.awt.Component.dispatchEventImpl(Ljava/awt/AWTEvent;)V+589
j  java.awt.Container.dispatchEventImpl(Ljava/awt/AWTEvent;)V+42
j  java.awt.Component.dispatchEvent(Ljava/awt/AWTEvent;)V+2
j  java.awt.LightweightDispatcher.retargetMouseEvent(Ljava/awt/Component;ILjava/awt/event/MouseEvent;)V+327
j  java.awt.LightweightDispatcher.processMouseEvent(Ljava/awt/event/MouseEvent;)Z+143
j  java.awt.LightweightDispatcher.dispatchEvent(Ljava/awt/AWTEvent;)Z+50
j  java.awt.Container.dispatchEventImpl(Ljava/awt/AWTEvent;)V+12
j  java.awt.Window.dispatchEventImpl(Ljava/awt/AWTEvent;)V+19
j  java.awt.Component.dispatchEvent(Ljava/awt/AWTEvent;)V+2
j  java.awt.EventQueue.dispatchEventImpl(Ljava/awt/AWTEvent;Ljava/lang/Object;)V+41
j  java.awt.EventQueue.access$500(Ljava/awt/EventQueue;Ljava/awt/AWTEvent;Ljava/lang/Object;)V+3
j  java.awt.EventQueue$3.run()Ljava/lang/Void;+32
j  java.awt.EventQueue$3.run()Ljava/lang/Object;+1
v  ~StubRoutines::call_stub
j  java.security.AccessController.doPrivileged(Ljava/security/PrivilegedAction;Ljava/security/AccessControlContext;)Ljava/lang/Object;+0
j  java.security.ProtectionDomain$1.doIntersectionPrivilege(Ljava/security/PrivilegedAction;Ljava/security/AccessControlContext;Ljava/security/AccessControlContext;)Ljava/lang/Object;+28
j  java.security.ProtectionDomain$1.doIntersectionPrivilege(Ljava/security/PrivilegedAction;Ljava/security/AccessControlContext;)Ljava/lang/Object;+6
j  java.awt.EventQueue$4.run()Ljava/lang/Void;+11
j  java.awt.EventQueue$4.run()Ljava/lang/Object;+1
v  ~StubRoutines::call_stub
j  java.security.AccessController.doPrivileged(Ljava/security/PrivilegedAction;Ljava/security/AccessControlContext;)Ljava/lang/Object;+0
j  java.security.ProtectionDomain$1.doIntersectionPrivilege(Ljava/security/PrivilegedAction;Ljava/security/AccessControlContext;Ljava/security/AccessControlContext;)Ljava/lang/Object;+28
j  java.awt.EventQueue.dispatchEvent(Ljava/awt/AWTEvent;)V+73
j  java.awt.EventDispatchThread.pumpOneEventForFilters(I)V+245
j  java.awt.EventDispatchThread.pumpEventsForFilter(ILjava/awt/Conditional;Ljava/awt/EventFilter;)V+35
j  java.awt.EventDispatchThread.pumpEventsForHierarchy(ILjava/awt/Conditional;Ljava/awt/Component;)V+11
j  java.awt.EventDispatchThread.pumpEvents(ILjava/awt/Conditional;)V+4
j  java.awt.EventDispatchThread.pumpEvents(Ljava/awt/Conditional;)V+3
j  java.awt.EventDispatchThread.run()V+9
v  ~StubRoutines::call_stub

---------------  P R O C E S S  ---------------

Java Threads: ( => current thread )
  0x0035c400 JavaThread "DestroyJavaVM" [_thread_blocked, id=6592, stack(0x00e00000,0x00e50000)]
  0x15a6e400 JavaThread "D3D Screen Updater" daemon [_thread_blocked, id=8580, stack(0x1a890000,0x1a8e0000)]
  0x15a68800 JavaThread "org.netbeans.modules.debugger.jpda.visual AWT Access Loop" daemon [_thread_blocked, id=8180, stack(0x1a7f0000,0x1a840000)]
=>0x15a48c00 JavaThread "AWT-EventQueue-0" [_thread_in_native, id=8940, stack(0x1a4d0000,0x1a520000)]
  0x15a29400 JavaThread "AWT-Shutdown" [_thread_blocked, id=8504, stack(0x18980000,0x189d0000)]
  0x15a0a000 JavaThread "Thread-3" [_thread_blocked, id=2600, stack(0x1a3f0000,0x1a440000)]
  0x1595a400 JavaThread "DSFiltergraph@187f2fe8_DispatchThread" [_thread_blocked, id=5728, stack(0x19fe0000,0x1a030000)]
  0x1586ec00 JavaThread "AWT-Windows" daemon [_thread_in_native, id=7556, stack(0x157b0000,0x15800000)]
  0x14e5fc00 JavaThread "Java2D Disposer" daemon [_thread_blocked, id=6828, stack(0x04770000,0x047c0000)]
  0x14cfa000 JavaThread "Service Thread" daemon [_thread_blocked, id=9020, stack(0x15410000,0x15460000)]
  0x14cd4400 JavaThread "C1 CompilerThread0" daemon [_thread_blocked, id=5864, stack(0x15670000,0x156c0000)]
  0x14cce400 JavaThread "JDWP Command Reader" daemon [_thread_in_native, id=8908, stack(0x15250000,0x152a0000)]
  0x14ccd400 JavaThread "JDWP Event Helper Thread" daemon [_thread_blocked, id=8272, stack(0x15480000,0x154d0000)]
  0x14cc4400 JavaThread "JDWP Transport Listener: dt_shmem" daemon [_thread_blocked, id=1180, stack(0x151e0000,0x15230000)]
  0x14cc8000 JavaThread "Attach Listener" daemon [_thread_blocked, id=9112, stack(0x15360000,0x153b0000)]
  0x14cc7000 JavaThread "Signal Dispatcher" daemon [_thread_blocked, id=2380, stack(0x152a0000,0x152f0000)]
  0x14c7dc00 JavaThread "Finalizer" daemon [_thread_blocked, id=7696, stack(0x14f90000,0x14fe0000)]
  0x14c7c800 JavaThread "Reference Handler" daemon [_thread_blocked, id=7704, stack(0x15040000,0x15090000)]

Other Threads:
  0x14c77c00 VMThread [stack: 0x14e90000,0x14ee0000] [id=4044]
  0x14cfcc00 WatcherThread [stack: 0x15810000,0x15860000] [id=2580]

VM state:not at safepoint (normal execution)

VM Mutex/Monitor currently owned by a thread: None

Heap:
 def new generation   total 4928K, used 2679K [0x04800000, 0x04d50000, 0x09d50000)
  eden space 4416K,  49% used [0x04800000, 0x04a1dd40, 0x04c50000)
  from space 512K, 100% used [0x04cd0000, 0x04d50000, 0x04d50000)
  to   space 512K,   0% used [0x04c50000, 0x04c50000, 0x04cd0000)
 tenured generation   total 10944K, used 1231K [0x09d50000, 0x0a800000, 0x14800000)
   the space 10944K,  11% used [0x09d50000, 0x09e83cf8, 0x09e83e00, 0x0a800000)
 Metaspace       used 8313K, capacity 8452K, committed 8576K, reserved 8576K

Card table byte_map: [0x00f80000,0x01010000] byte_map_base: 0x00f5c000

Polling page: 0x00130000

CodeCache: size=32768Kb used=923Kb max_used=932Kb free=31844Kb
 bounds [0x02720000, 0x02810000, 0x04720000]
 total_blobs=404 nmethods=179 adapters=165
 compilation: enabled

Compilation events (10 events):
Event: 9.147 Thread 0x14cd4400  176             java.util.concurrent.locks.AbstractOwnableSynchronizer::setExclusiveOwnerThread (6 bytes)
Event: 9.147 Thread 0x14cd4400 nmethod 176 0x02808648 code [0x02808740, 0x028087d0]
Event: 9.155 Thread 0x14cd4400  177             java.awt.AWTEvent::getID (5 bytes)
Event: 9.155 Thread 0x14cd4400 nmethod 177 0x02808808 code [0x02808900, 0x02808980]
Event: 9.155 Thread 0x14cd4400  178             java.awt.Component::inside (30 bytes)
Event: 9.156 Thread 0x14cd4400 nmethod 178 0x028089c8 code [0x02808ac0, 0x02808b80]
Event: 9.339 Thread 0x14cd4400  179             javax.swing.JComponent::contains (27 bytes)
Event: 9.339 Thread 0x14cd4400 nmethod 179 0x02808bc8 code [0x02808cc0, 0x02808df0]
Event: 9.735 Thread 0x14cd4400  180             sun.awt.AWTAutoShutdown::getInstance (4 bytes)
Event: 9.735 Thread 0x14cd4400 nmethod 180 0x02808e88 code [0x02808f80, 0x02808ff0]

GC Heap History (2 events):
Event: 1.670 GC heap before
{Heap before GC invocations=0 (full 0):
 def new generation   total 4928K, used 4416K [0x04800000, 0x04d50000, 0x09d50000)
  eden space 4416K, 100% used [0x04800000, 0x04c50000, 0x04c50000)
  from space 512K,   0% used [0x04c50000, 0x04c50000, 0x04cd0000)
  to   space 512K,   0% used [0x04cd0000, 0x04cd0000, 0x04d50000)
 tenured generation   total 10944K, used 0K [0x09d50000, 0x0a800000, 0x14800000)
   the space 10944K,   0% used [0x09d50000, 0x09d50000, 0x09d50200, 0x0a800000)
 Metaspace       used 6063K, capacity 6200K, committed 6272K, reserved 6528K
Event: 1.674 GC heap after
Heap after GC invocations=1 (full 0):
 def new generation   total 4928K, used 512K [0x04800000, 0x04d50000, 0x09d50000)
  eden space 4416K,   0% used [0x04800000, 0x04800000, 0x04c50000)
  from space 512K, 100% used [0x04cd0000, 0x04d50000, 0x04d50000)
  to   space 512K,   0% used [0x04c50000, 0x04c50000, 0x04cd0000)
 tenured generation   total 10944K, used 1231K [0x09d50000, 0x0a800000, 0x14800000)
   the space 10944K,  11% used [0x09d50000, 0x09e83cf8, 0x09e83e00, 0x0a800000)
 Metaspace       used 6063K, capacity 6200K, committed 6272K, reserved 6528K
}

Deoptimization events (0 events):
No events

Internal exceptions (10 events):
Event: 1.741 Thread 0x0035c400 Exception <a 'java/security/PrivilegedActionException'> (0x048cb4c0) thrown at [C:\re\workspace\8-2-build-windows-i586-cygwin\jdk8u31\2394\hotspot\src\share\vm\prims\jvm.cpp, line 1312]
Event: 1.743 Thread 0x0035c400 Exception <a 'java/security/PrivilegedActionException'> (0x048e97c0) thrown at [C:\re\workspace\8-2-build-windows-i586-cygwin\jdk8u31\2394\hotspot\src\share\vm\prims\jvm.cpp, line 1312]
Event: 1.743 Thread 0x0035c400 Exception <a 'java/security/PrivilegedActionException'> (0x048ead60) thrown at [C:\re\workspace\8-2-build-windows-i586-cygwin\jdk8u31\2394\hotspot\src\share\vm\prims\jvm.cpp, line 1312]
Event: 1.743 Thread 0x0035c400 Exception <a 'java/security/PrivilegedActionException'> (0x048eca10) thrown at [C:\re\workspace\8-2-build-windows-i586-cygwin\jdk8u31\2394\hotspot\src\share\vm\prims\jvm.cpp, line 1312]
Event: 1.743 Thread 0x0035c400 Exception <a 'java/security/PrivilegedActionException'> (0x048ee078) thrown at [C:\re\workspace\8-2-build-windows-i586-cygwin\jdk8u31\2394\hotspot\src\share\vm\prims\jvm.cpp, line 1312]
Event: 1.743 Thread 0x0035c400 Exception <a 'java/security/PrivilegedActionException'> (0x048f0cb0) thrown at [C:\re\workspace\8-2-build-windows-i586-cygwin\jdk8u31\2394\hotspot\src\share\vm\prims\jvm.cpp, line 1312]
Event: 1.743 Thread 0x0035c400 Exception <a 'java/security/PrivilegedActionException'> (0x048f2250) thrown at [C:\re\workspace\8-2-build-windows-i586-cygwin\jdk8u31\2394\hotspot\src\share\vm\prims\jvm.cpp, line 1312]
Event: 1.743 Thread 0x0035c400 Exception <a 'java/security/PrivilegedActionException'> (0x048fb548) thrown at [C:\re\workspace\8-2-build-windows-i586-cygwin\jdk8u31\2394\hotspot\src\share\vm\prims\jvm.cpp, line 1312]
Event: 1.743 Thread 0x0035c400 Exception <a 'java/security/PrivilegedActionException'> (0x048fcbb0) thrown at [C:\re\workspace\8-2-build-windows-i586-cygwin\jdk8u31\2394\hotspot\src\share\vm\prims\jvm.cpp, line 1312]
Event: 1.744 Thread 0x0035c400 Exception <a 'java/security/PrivilegedActionException'> (0x04901f30) thrown at [C:\re\workspace\8-2-build-windows-i586-cygwin\jdk8u31\2394\hotspot\src\share\vm\prims\jvm.cpp, line 1312]

Events (10 events):
Event: 9.556 Executing VM operation: GetOrSetLocal
Event: 9.556 Executing VM operation: GetOrSetLocal done
Event: 9.686 Thread 0x1591c800 Thread exited: 0x1591c800
Event: 9.735 Thread 0x14cd4400 flushing nmethod 0x027c61c8
Event: 15.138 Executing VM operation: GetOrSetLocal
Event: 15.138 Executing VM operation: GetOrSetLocal done
Event: 21.856 Executing VM operation: GetOrSetLocal
Event: 21.856 Executing VM operation: GetOrSetLocal done
Event: 21.857 Executing VM operation: GetOrSetLocal
Event: 21.857 Executing VM operation: GetOrSetLocal done


Dynamic libraries:
0x01020000 - 0x01050000 	C:\Program Files (x86)\Java\jdk1.8.0_31\bin\java.exe
0x76f80000 - 0x77100000 	C:\Windows\SysWOW64\ntdll.dll
0x74d10000 - 0x74e20000 	C:\Windows\syswow64\kernel32.dll
0x76320000 - 0x76366000 	C:\Windows\syswow64\KERNELBASE.dll
0x76720000 - 0x767c0000 	C:\Windows\syswow64\ADVAPI32.dll
0x74b40000 - 0x74bec000 	C:\Windows\syswow64\msvcrt.dll
0x767c0000 - 0x767d9000 	C:\Windows\SysWOW64\sechost.dll
0x763c0000 - 0x764b0000 	C:\Windows\syswow64\RPCRT4.dll
0x74ae0000 - 0x74b40000 	C:\Windows\syswow64\SspiCli.dll
0x74ad0000 - 0x74adc000 	C:\Windows\syswow64\CRYPTBASE.dll
0x74e80000 - 0x74f80000 	C:\Windows\syswow64\USER32.dll
0x76570000 - 0x76600000 	C:\Windows\syswow64\GDI32.dll
0x75bd0000 - 0x75bda000 	C:\Windows\syswow64\LPK.dll
0x76840000 - 0x768dd000 	C:\Windows\syswow64\USP10.dll
0x71960000 - 0x71afe000 	C:\Windows\WinSxS\x86_microsoft.windows.common-controls_6595b64144ccf1df_6.0.7601.17514_none_41e6975e2bd6f2b2\COMCTL32.dll
0x767e0000 - 0x76837000 	C:\Windows\syswow64\SHLWAPI.dll
0x74bf0000 - 0x74c50000 	C:\Windows\system32\IMM32.DLL
0x75f80000 - 0x7604c000 	C:\Windows\syswow64\MSCTF.dll
0x62570000 - 0x6262f000 	C:\Program Files (x86)\Java\jdk1.8.0_31\jre\bin\msvcr100.dll
0x547a0000 - 0x54b44000 	C:\Program Files (x86)\Java\jdk1.8.0_31\jre\bin\client\jvm.dll
0x746a0000 - 0x746a7000 	C:\Windows\system32\WSOCK32.dll
0x76b40000 - 0x76b75000 	C:\Windows\syswow64\WS2_32.dll
0x76380000 - 0x76386000 	C:\Windows\syswow64\NSI.dll
0x703e0000 - 0x70412000 	C:\Windows\system32\WINMM.dll
0x76370000 - 0x76375000 	C:\Windows\syswow64\PSAPI.DLL
0x65090000 - 0x6509c000 	C:\Program Files (x86)\Java\jdk1.8.0_31\jre\bin\verify.dll
0x62670000 - 0x62691000 	C:\Program Files (x86)\Java\jdk1.8.0_31\jre\bin\java.dll
0x62640000 - 0x62669000 	C:\Program Files (x86)\Java\jdk1.8.0_31\jre\bin\jdwp.dll
0x62560000 - 0x62567000 	C:\Program Files (x86)\Java\jdk1.8.0_31\jre\bin\npt.dll
0x62540000 - 0x62553000 	C:\Program Files (x86)\Java\jdk1.8.0_31\jre\bin\zip.dll
0x74f80000 - 0x75bca000 	C:\Windows\syswow64\SHELL32.dll
0x761c0000 - 0x7631c000 	C:\Windows\syswow64\ole32.dll
0x73d60000 - 0x73d6b000 	C:\Windows\system32\profapi.dll
0x62530000 - 0x62539000 	C:\Program Files (x86)\Java\jdk1.8.0_31\jre\bin\dt_shmem.dll
0x545a0000 - 0x546e6000 	C:\Program Files (x86)\Java\jdk1.8.0_31\jre\bin\awt.dll
0x764e0000 - 0x7656f000 	C:\Windows\syswow64\OLEAUT32.dll
0x70160000 - 0x70173000 	C:\Windows\system32\DWMAPI.DLL
0x71690000 - 0x71710000 	C:\Windows\system32\uxtheme.dll
0x684b0000 - 0x68673000 	C:\Windows\system32\d3d9.dll
0x74690000 - 0x74699000 	C:\Windows\system32\VERSION.dll
0x684a0000 - 0x684a6000 	C:\Windows\system32\d3d8thk.dll
0x61690000 - 0x617a6000 	C:\Windows\system32\aticfx32.dll
0x62350000 - 0x6236b000 	C:\Windows\system32\atiu9pag.dll
0x53ee0000 - 0x5459a000 	C:\Windows\system32\atiumdag.dll
0x776f0000 - 0x77e2e000 	C:\Windows\system32\atiumdva.dll
0x725d0000 - 0x725f5000 	C:\Windows\system32\POWRPROF.dll
0x75de0000 - 0x75f7d000 	C:\Windows\syswow64\SETUPAPI.dll
0x76390000 - 0x763b7000 	C:\Windows\syswow64\CFGMGR32.dll
0x76600000 - 0x76612000 	C:\Windows\syswow64\DEVOBJ.dll
0x61000000 - 0x610fd000 	C:\Program Files (x86)\Java\jdk1.8.0_31\bin\dsj.dll
0x62630000 - 0x6263b000 	C:\Windows\system32\msdmo.dll
0x5ae80000 - 0x5af67000 	C:\Windows\system32\DDRAW.dll
0x63e10000 - 0x63e16000 	C:\Windows\system32\DCIMAN32.dll
0x71d00000 - 0x71d0d000 	C:\Windows\system32\WTSAPI32.dll
0x53c70000 - 0x53ed7000 	C:\Windows\system32\WMVCore.DLL
0x62310000 - 0x6234d000 	C:\Windows\system32\WMASF.DLL
0x70420000 - 0x705b0000 	C:\Windows\WinSxS\x86_microsoft.windows.gdiplus_6595b64144ccf1df_1.1.7601.17514_none_72d18a4386696c80\gdiplus.dll
0x6f110000 - 0x6f139000 	C:\Windows\system32\WINSTA.dll
0x76120000 - 0x761a3000 	C:\Windows\syswow64\CLBCatQ.DLL
0x53af0000 - 0x53c67000 	C:\Windows\SysWOW64\quartz.dll
0x53ab0000 - 0x53ae2000 	C:\Windows\SysWOW64\qcap.dll
0x622e0000 - 0x62301000 	C:\Windows\SysWOW64\MSVFW32.dll
0x5c8b0000 - 0x5c8c4000 	C:\Windows\SysWOW64\devenum.dll
0x71650000 - 0x71671000 	C:\Windows\system32\ntmarta.dll
0x760d0000 - 0x76115000 	C:\Windows\syswow64\WLDAP32.dll
0x74ce0000 - 0x74d0d000 	C:\Windows\syswow64\WINTRUST.dll
0x768e0000 - 0x769fd000 	C:\Windows\syswow64\CRYPT32.dll
0x76f50000 - 0x76f5c000 	C:\Windows\syswow64\MSASN1.dll
0x62930000 - 0x62969000 	C:\Windows\system32\MMDevAPI.DLL
0x62830000 - 0x62925000 	C:\Windows\system32\PROPSYS.dll
0x5a950000 - 0x5a980000 	C:\Windows\system32\wdmaud.drv
0x636b0000 - 0x636b4000 	C:\Windows\system32\ksuser.dll
0x63630000 - 0x63637000 	C:\Windows\system32\AVRT.dll
0x62970000 - 0x629a6000 	C:\Windows\system32\AUDIOSES.DLL
0x635e0000 - 0x635e8000 	C:\Windows\system32\msacm32.drv
0x6f180000 - 0x6f194000 	C:\Windows\system32\MSACM32.dll
0x62ab0000 - 0x62ab7000 	C:\Windows\system32\midimap.dll
0x55aa0000 - 0x55ad9000 	C:\Program Files (x86)\Java\jdk1.8.0_31\jre\bin\fontmanager.dll
0x624d0000 - 0x624e5000 	C:\Program Files (x86)\Java\jdk1.8.0_31\jre\bin\net.dll
0x6f500000 - 0x6f53c000 	C:\Windows\system32\mswsock.dll
0x6f170000 - 0x6f176000 	C:\Windows\System32\wship6.dll
0x620f0000 - 0x620ff000 	C:\Program Files (x86)\Java\jdk1.8.0_31\jre\bin\nio.dll
0x5c9b0000 - 0x5c9e0000 	C:\Program Files (x86)\Java\jdk1.8.0_31\jre\bin\t2k.dll
0x73a80000 - 0x73b7b000 	C:\Windows\system32\WindowsCodecs.dll
0x743e0000 - 0x7442c000 	C:\Windows\system32\apphelp.dll
0x5a8d0000 - 0x5a8f9000 	C:\Users\RAVLYK\AppData\Roaming\Dropbox\bin\DropboxExt.25.dll
0x5a850000 - 0x5a881000 	C:\Windows\system32\EhStorShell.dll
0x5a030000 - 0x5a43b000 	C:\PROGRA~2\MICROS~1\Office14\GROOVEEX.DLL
0x71d20000 - 0x71dc3000 	C:\Windows\WinSxS\x86_microsoft.vc90.crt_1fc8b3b9a1e18e3b_9.0.30729.6161_none_50934f2ebcb7eb57\MSVCR90.dll
0x68400000 - 0x6848e000 	C:\Windows\WinSxS\x86_microsoft.vc90.crt_1fc8b3b9a1e18e3b_9.0.30729.6161_none_50934f2ebcb7eb57\MSVCP90.dll
0x5a8a0000 - 0x5a8cb000 	C:\Windows\WinSxS\x86_microsoft.vc90.atl_1fc8b3b9a1e18e3b_9.0.30729.6161_none_51cd0a7abbe4e19b\ATL90.DLL
0x5a440000 - 0x5a84f000 	C:\PROGRA~2\COMMON~1\MICROS~1\OFFICE14\Cultures\office.odf
0x597b0000 - 0x5a026000 	C:\PROGRA~2\MICROS~1\Office14\1049\GrooveIntlResource.dll
0x53a70000 - 0x53aa5000 	C:\Windows\SysWOW64\qasf.dll
0x5c1e0000 - 0x5c20e000 	C:\Windows\system32\mlang.dll
0x53990000 - 0x53a64000 	C:\Windows\SysWOW64\WMADMOE.DLL
0x5c950000 - 0x5c9a9000 	C:\Windows\SysWOW64\MFPlat.DLL
0x77600000 - 0x776e4000 	C:\Windows\SysWOW64\wmvxencd.dll
0x63e20000 - 0x63f0b000 	C:\Windows\system32\dbghelp.dll

VM Arguments:
jvm_args: -Xdebug -Xrunjdwp:transport=dt_shmem,address=javadebug -Dfile.encoding=UTF-8 
java_command: classes.SimpleCapture
java_class_path (initial): F:\EVE_market\EVECaesar\libs\jcommon-1.0.21.jar;F:\EVE_market\EVECaesar\libs\jna-platform.jar;F:\EVE_market\EVECaesar\libs\jna.jar;F:\EVE_market\EVECaesar\libs\win32-x86-64.jar;F:\EVE_market\EVECaesar\libs\dsj.jar;F:\EVE_market\EVECaesar\build\classes
Launcher Type: SUN_STANDARD

Environment Variables:
PATH=C:\Program Files (x86)\NVIDIA Corporation\PhysX\Common;C:\ProgramData\Oracle\Java\javapath;C:\Windows\system32;C:\Windows;C:\Windows\System32\Wbem;C:\Windows\System32\WindowsPowerShell\v1.0\;C:\Program Files (x86)\ATI Technologies\ATI.ACE\Core-Static;C:\Program Files (x86)\AMD\ATI.ACE\Core-Static
USERNAME=RAVLYK
OS=Windows_NT
PROCESSOR_IDENTIFIER=Intel64 Family 6 Model 58 Stepping 9, GenuineIntel



---------------  S Y S T E M  ---------------

OS: Windows 7 , 64 bit Build 7601 Service Pack 1

CPU:total 4 (4 cores per cpu, 1 threads per core) family 6 model 58 stepping 9, cmov, cx8, fxsr, mmx, sse, sse2, sse3, ssse3, sse4.1, sse4.2, popcnt, avx, aes, clmul, erms, tsc, tscinvbit, tscinv

Memory: 4k page, physical 8343048k(3943792k free), swap 9365204k(4174316k free)

vm_info: Java HotSpot(TM) Client VM (25.31-b07) for windows-x86 JRE (1.8.0_31-b13), built on Dec 17 2014 20:46:12 by "java_re" with MS VC++ 10.0 (VS2010)

time: Sat Feb 21 18:39:56 2015
elapsed time: 25 seconds (0d 0h 0m 25s)

